Der Buildvorgang wurde am 11.12.2017 13:01:58 gestartet.
     1>Projekt "C:\Users\a.padalko\documents\visual studio 2010\Projects\kartenspiel\kartenspiel\kartenspiel.vcxproj" auf Knoten "2", build Ziel(e).
     1>InitializeBuildStatus:
         "Debug\kartenspiel.unsuccessfulbuild" wird erstellt, da "AlwaysCreate" angegeben wurde.
       ClCompile:
         C:\Program Files (x86)\Microsoft Visual Studio 10.0\VC\bin\CL.exe /c /ZI /nologo /W3 /WX- /Od /Oy- /D WIN32 /D _DEBUG /D _CONSOLE /D _UNICODE /D UNICODE /Gm /EHsc /RTC1 /MDd /GS /fp:precise /Zc:wchar_t /Zc:forScope /Fo"Debug\\" /Fd"Debug\vc100.pdb" /Gd /TP /analyze- /errorReport:prompt main.cpp
         main.cpp
     1>c:\users\a.padalko\documents\visual studio 2010\projects\kartenspiel\kartenspiel\main.cpp(48): warning C4101: 'arr2': Unreferenzierte lokale Variable
       ManifestResourceCompile:
         Alle Ausgaben sind aktuell.
       Link:
         C:\Program Files (x86)\Microsoft Visual Studio 10.0\VC\bin\link.exe /ERRORREPORT:PROMPT /OUT:"C:\Users\a.padalko\documents\visual studio 2010\Projects\kartenspiel\Debug\kartenspiel.exe" /INCREMENTAL /NOLOGO kernel32.lib user32.lib gdi32.lib winspool.lib comdlg32.lib advapi32.lib shell32.lib ole32.lib oleaut32.lib uuid.lib odbc32.lib odbccp32.lib /MANIFEST /ManifestFile:"Debug\kartenspiel.exe.intermediate.manifest" /MANIFESTUAC:"level='asInvoker' uiAccess='false'" /DEBUG /PDB:"C:\Users\a.padalko\documents\visual studio 2010\Projects\kartenspiel\Debug\kartenspiel.pdb" /SUBSYSTEM:CONSOLE /TLBID:1 /DYNAMICBASE /NXCOMPAT /IMPLIB:"C:\Users\a.padalko\documents\visual studio 2010\Projects\kartenspiel\Debug\kartenspiel.lib" /MACHINE:X86 Debug\kartenspiel.exe.embed.manifest.res
         Debug\main.obj
       Manifest:
         C:\Program Files (x86)\Microsoft SDKs\Windows\v7.0A\bin\mt.exe /nologo /verbose /out:"Debug\kartenspiel.exe.embed.manifest" /manifest Debug\kartenspiel.exe.intermediate.manifest
         Alle Ausgaben sind aktuell.
       LinkEmbedManifest:
         Alle Ausgaben sind aktuell.
         kartenspiel.vcxproj -> C:\Users\a.padalko\documents\visual studio 2010\Projects\kartenspiel\Debug\kartenspiel.exe
       FinalizeBuildStatus:
         Die Datei "Debug\kartenspiel.unsuccessfulbuild" wird gelöscht.
         Aktualisieren des Timestamps von "Debug\kartenspiel.lastbuildstate".
     1>Die Erstellung des Projekts "C:\Users\a.padalko\documents\visual studio 2010\Projects\kartenspiel\kartenspiel\kartenspiel.vcxproj" ist abgeschlossen, build Ziel(e).

Das Erstellen war erfolgreich.

Verstrichene Zeit 00:00:01.62
